<?xml version="1.0" encoding="UTF-8" ?>
<testsuite errors="0" failures="0" hostname="sriki-laptop" name="org.easymock.tests.ReplayStateInvalidUsageTest" tests="86" time="0.161" timestamp="2009-07-28T06:20:12">
  <properties>
[...]
</properties>
  <testcase classname="org.easymock.tests.ReplayStateInvalidUsageTest" name="testExpectAndThrowObjectWithMinMax" time="0.044" />
  <testcase classname="org.easymock.tests.ReplayStateInvalidUsageTest" name="testExpectAndThrowDoubleWithMinMax" time="0.0" />
  <testcase classname="org.easymock.tests.ReplayStateInvalidUsageTest" name="testExpectAndThrowFloatWithMinMax" time="0.0" />
  <testcase classname="org.easymock.tests.ReplayStateInvalidUsageTest" name="testExpectAndThrowLongWithMinMax" time="0.0010" />
  <testcase classname="org.easymock.tests.ReplayStateInvalidUsageTest" name="testExpectAndThrowBooleanWithMinMax" time="0.0010" />
  <testcase classname="org.easymock.tests.ReplayStateInvalidUsageTest" name="testExpectAndThrowObjectWithCount" time="0.0" />
  <testcase classname="org.easymock.tests.ReplayStateInvalidUsageTest" name="testExpectAndThrowDoubleWithCount" time="0.0010" />
  <testcase classname="org.easymock.tests.ReplayStateInvalidUsageTest" name="testExpectAndThrowFloatWithCount" time="0.0" />
  <testcase classname="org.easymock.tests.ReplayStateInvalidUsageTest" name="testExpectAndThrowLongWithCount" time="0.0010" />
  <testcase classname="org.easymock.tests.ReplayStateInvalidUsageTest" name="testExpectAndThrowBooleanWithCount" time="0.0" />
  <testcase classname="org.easymock.tests.ReplayStateInvalidUsageTest" name="testExpectAndThrowObjectWithRange" time="0.0010" />
  <testcase classname="org.easymock.tests.ReplayStateInvalidUsageTest" name="testExpectAndThrowDoubleWithRange" time="0.0" />
  <testcase classname="org.easymock.tests.ReplayStateInvalidUsageTest" name="testExpectAndThrowFloatWithRange" time="0.0010" />
  <testcase classname="org.easymock.tests.ReplayStateInvalidUsageTest" name="testExpectAndThrowLongWithRange" time="0.0" />
  <testcase classname="org.easymock.tests.ReplayStateInvalidUsageTest" name="testExpectAndThrowBooleanWithRange" time="0.0" />
  <testcase classname="org.easymock.tests.ReplayStateInvalidUsageTest" name="testExpectAndThrowObject" time="0.0010" />
  <testcase classname="org.easymock.tests.ReplayStateInvalidUsageTest" name="testExpectAndThrowDouble" time="0.0" />
  <testcase classname="org.easymock.tests.ReplayStateInvalidUsageTest" name="testExpectAndThrowFloat" time="0.0010" />
  <testcase classname="org.easymock.tests.ReplayStateInvalidUsageTest" name="testExpectAndThrowLong" time="0.0" />
  <testcase classname="org.easymock.tests.ReplayStateInvalidUsageTest" name="testExpectAndThrowBoolean" time="0.0010" />
  <testcase classname="org.easymock.tests.ReplayStateInvalidUsageTest" name="testExpectAndReturnObjectWithMinMax" time="0.0" />
  <testcase classname="org.easymock.tests.ReplayStateInvalidUsageTest" name="testExpectAndReturnDoubleWithMinMax" time="0.0010" />
  <testcase classname="org.easymock.tests.ReplayStateInvalidUsageTest" name="testExpectAndReturnFloatWithMinMax" time="0.0" />
  <testcase classname="org.easymock.tests.ReplayStateInvalidUsageTest" name="testExpectAndReturnLongWithMinMax" time="0.0010" />
  <testcase classname="org.easymock.tests.ReplayStateInvalidUsageTest" name="testExpectAndReturnBooleanWithMinMax" time="0.0" />
  <testcase classname="org.easymock.tests.ReplayStateInvalidUsageTest" name="testExpectAndReturnObjectWithCount" time="0.0" />
  <testcase classname="org.easymock.tests.ReplayStateInvalidUsageTest" name="testExpectAndReturnDoubleWithCount" time="0.0" />
  <testcase classname="org.easymock.tests.ReplayStateInvalidUsageTest" name="testExpectAndReturnFloatWithCount" time="0.0" />
  <testcase classname="org.easymock.tests.ReplayStateInvalidUsageTest" name="testExpectAndReturnLongWithCount" time="0.0" />
  <testcase classname="org.easymock.tests.ReplayStateInvalidUsageTest" name="testExpectAndReturnBooleanWithCount" time="0.0" />
  <testcase classname="org.easymock.tests.ReplayStateInvalidUsageTest" name="testExpectAndReturnObjectWithRange" time="0.0" />
  <testcase classname="org.easymock.tests.ReplayStateInvalidUsageTest" name="testExpectAndReturnDoubleWithRange" time="0.0" />
  <testcase classname="org.easymock.tests.ReplayStateInvalidUsageTest" name="testExpectAndReturnFloatWithRange" time="0.0" />
  <testcase classname="org.easymock.tests.ReplayStateInvalidUsageTest" name="testExpectAndReturnLongWithRange" time="0.0" />
  <testcase classname="org.easymock.tests.ReplayStateInvalidUsageTest" name="testExpectAndReturnBooleanWithRange" time="0.0" />
  <testcase classname="org.easymock.tests.ReplayStateInvalidUsageTest" name="testExpectAndReturnObject" time="0.0" />
  <testcase classname="org.easymock.tests.ReplayStateInvalidUsageTest" name="testExpectAndReturnDouble" time="0.0" />
  <testcase classname="org.easymock.tests.ReplayStateInvalidUsageTest" name="testExpectAndReturnFloat" time="0.0010" />
  <testcase classname="org.easymock.tests.ReplayStateInvalidUsageTest" name="testExpectAndReturnLong" time="0.0" />
  <testcase classname="org.easymock.tests.ReplayStateInvalidUsageTest" name="testExpectAndReturnBoolean" time="0.0010" />
  <testcase classname="org.easymock.tests.ReplayStateInvalidUsageTest" name="testSetDefaultMatcher" time="0.0" />
  <testcase classname="org.easymock.tests.ReplayStateInvalidUsageTest" name="testSetReturnValueObjectWithMinMax" time="0.0" />
  <testcase classname="org.easymock.tests.ReplayStateInvalidUsageTest" name="testSetReturnValueDoubleWithMinMax" time="0.0" />
  <testcase classname="org.easymock.tests.ReplayStateInvalidUsageTest" name="testSetReturnValueFloatWithMinMax" time="0.0010" />
  <testcase classname="org.easymock.tests.ReplayStateInvalidUsageTest" name="testSetReturnValueLongWithMinMax" time="0.0" />
  <testcase classname="org.easymock.tests.ReplayStateInvalidUsageTest" name="testSetReturnValueBooleanWithMinMax" time="0.0010" />
  <testcase classname="org.easymock.tests.ReplayStateInvalidUsageTest" name="testSetThrowableWithMinMax" time="0.0" />
  <testcase classname="org.easymock.tests.ReplayStateInvalidUsageTest" name="testSetVoidCallableWithMinMax" time="0.0010" />
  <testcase classname="org.easymock.tests.ReplayStateInvalidUsageTest" name="testSetMatcher" time="0.0" />
  <testcase classname="org.easymock.tests.ReplayStateInvalidUsageTest" name="testSetDefaultReturnValueObject" time="0.0010" />
  <testcase classname="org.easymock.tests.ReplayStateInvalidUsageTest" name="testSetDefaultReturnValueDouble" time="0.0" />
  <testcase classname="org.easymock.tests.ReplayStateInvalidUsageTest" name="testSetDefaultReturnValueFloat" time="0.0010" />
  <testcase classname="org.easymock.tests.ReplayStateInvalidUsageTest" name="testSetDefaultReturnValueLong" time="0.0" />
  <testcase classname="org.easymock.tests.ReplayStateInvalidUsageTest" name="testSetDefaultReturnValueBoolean" time="0.0010" />
  <testcase classname="org.easymock.tests.ReplayStateInvalidUsageTest" name="testSetDefaultThrowable" time="0.0" />
  <testcase classname="org.easymock.tests.ReplayStateInvalidUsageTest" name="testSetDefaultVoidCallable" time="0.0010" />
  <testcase classname="org.easymock.tests.ReplayStateInvalidUsageTest" name="testSetReturnValueObjectWithRange" time="0.0" />
  <testcase classname="org.easymock.tests.ReplayStateInvalidUsageTest" name="testSetReturnValueLongWithRange" time="0.0010" />
  <testcase classname="org.easymock.tests.ReplayStateInvalidUsageTest" name="testSetReturnValueFloatWithRange" time="0.0" />
  <testcase classname="org.easymock.tests.ReplayStateInvalidUsageTest" name="testSetReturnValueDoubleWithRange" time="0.0010" />
  <testcase classname="org.easymock.tests.ReplayStateInvalidUsageTest" name="testSetReturnValueBooleanWithRange" time="0.0" />
  <testcase classname="org.easymock.tests.ReplayStateInvalidUsageTest" name="testSetThrowableWithRange" time="0.0010" />
  <testcase classname="org.easymock.tests.ReplayStateInvalidUsageTest" name="testSetVoidCallableWithRange" time="0.0" />
  <testcase classname="org.easymock.tests.ReplayStateInvalidUsageTest" name="testSetReturnValueObjectWithCount" time="0.0" />
  <testcase classname="org.easymock.tests.ReplayStateInvalidUsageTest" name="testSetReturnValueLongWithCount" time="0.0" />
  <testcase classname="org.easymock.tests.ReplayStateInvalidUsageTest" name="testSetReturnValueFloatWithCount" time="0.0" />
  <testcase classname="org.easymock.tests.ReplayStateInvalidUsageTest" name="testSetReturnValueDoubleWithCount" time="0.0" />
  <testcase classname="org.easymock.tests.ReplayStateInvalidUsageTest" name="testSetReturnValueBooleanWithCount" time="0.0" />
  <testcase classname="org.easymock.tests.ReplayStateInvalidUsageTest" name="testSetThrowableWithCount" time="0.0010" />
  <testcase classname="org.easymock.tests.ReplayStateInvalidUsageTest" name="testSetVoidCallableWithCount" time="0.0" />
  <testcase classname="org.easymock.tests.ReplayStateInvalidUsageTest" name="testSetReturnValueObject" time="0.0010" />
  <testcase classname="org.easymock.tests.ReplayStateInvalidUsageTest" name="testSetReturnValueDouble" time="0.0" />
  <testcase classname="org.easymock.tests.ReplayStateInvalidUsageTest" name="testSetReturnValueFloat" time="0.0010" />
  <testcase classname="org.easymock.tests.ReplayStateInvalidUsageTest" name="testSetReturnValueLong" time="0.0010" />
  <testcase classname="org.easymock.tests.ReplayStateInvalidUsageTest" name="testSetReturnValueBoolean" time="0.0" />
  <testcase classname="org.easymock.tests.ReplayStateInvalidUsageTest" name="testSetThrowable" time="0.0010" />
  <testcase classname="org.easymock.tests.ReplayStateInvalidUsageTest" name="testSetVoidCallable" time="0.0" />
  <testcase classname="org.easymock.tests.ReplayStateInvalidUsageTest" name="testReplay" time="0.0010" />
  <testcase classname="org.easymock.tests.ReplayStateInvalidUsageTest" name="testCreateMock" time="0.0" />
  <testcase classname="org.easymock.tests.ReplayStateInvalidUsageTest" name="testCreateMockWithName" time="0.0010" />
  <testcase classname="org.easymock.tests.ReplayStateInvalidUsageTest" name="testCheckOrder" time="0.0" />
  <testcase classname="org.easymock.tests.ReplayStateInvalidUsageTest" name="testAndStubReturn" time="0.0010" />
  <testcase classname="org.easymock.tests.ReplayStateInvalidUsageTest" name="testAndStubThrow" time="0.0" />
  <testcase classname="org.easymock.tests.ReplayStateInvalidUsageTest" name="testAsStub" time="0.0010" />
  <testcase classname="org.easymock.tests.ReplayStateInvalidUsageTest" name="testTimes" time="0.0" />
  <testcase classname="org.easymock.tests.ReplayStateInvalidUsageTest" name="testAnyTimess" time="0.0010" />
  <system-out><![CDATA[]]></system-out>
  <system-err><![CDATA[]]></system-err>
</testsuite>
