<?xml version="1.0" encoding="UTF-8" ?>
<testsuite errors="0" failures="0" hostname="sriki-laptop" name="org.easymock.tests.ObjectMethodsTest" tests="6" time="0.126" timestamp="2009-07-28T06:20:08">
  <properties>
[...]
</properties>
  <testcase classname="org.easymock.tests.ObjectMethodsTest" name="testEqualsBeforeActivation" time="0.03" />
  <testcase classname="org.easymock.tests.ObjectMethodsTest" name="testEqualsAfterActivation" time="0.0010" />
  <testcase classname="org.easymock.tests.ObjectMethodsTest" name="testHashCode" time="0.0010" />
  <testcase classname="org.easymock.tests.ObjectMethodsTest" name="testToStringBeforeActivation" time="0.0030" />
  <testcase classname="org.easymock.tests.ObjectMethodsTest" name="testToStringAfterActivation" time="0.0" />
  <testcase classname="org.easymock.tests.ObjectMethodsTest" name="testToStringForClasses" time="0.0020" />
  <system-out><![CDATA[]]></system-out>
  <system-err><![CDATA[]]></system-err>
</testsuite>
