<?xml version="1.0" encoding="UTF-8" ?>
<testsuites>
  <testsuite errors="0" failures="0" hostname="sriki-laptop" id="0" name="ArgumentsMatcherTest" package="org.easymock.tests" tests="6" time="0.138" timestamp="2009-07-28T06:20:04">
      <properties>
[...]
</properties>

      <testcase classname="org.easymock.tests.ArgumentsMatcherTest" name="testExpectedArgumentsDelegatedToMatcher" time="0.049" />

      <testcase classname="org.easymock.tests.ArgumentsMatcherTest" name="testExpectedArgumentsDelegatedToMatcher2" time="0.0010" />

      <testcase classname="org.easymock.tests.ArgumentsMatcherTest" name="testErrorString" time="0.0010" />

      <testcase classname="org.easymock.tests.ArgumentsMatcherTest" name="testSettingTheSameMatcherIsOk" time="0.0030" />

      <testcase classname="org.easymock.tests.ArgumentsMatcherTest" name="testAbstractMatcher" time="0.0010" />

      <testcase classname="org.easymock.tests.ArgumentsMatcherTest" name="testAbstractMatcherToStringHandlesNullArray" time="0.0" />

      <system-out />

      <system-err />

  </testsuite>
  <testsuite errors="0" failures="0" hostname="sriki-laptop" id="1" name="ArrayMatcherTest" package="org.easymock.tests" tests="12" time="0.081" timestamp="2009-07-28T06:20:04">
      <properties>
[...]
</properties>

      <testcase classname="org.easymock.tests.ArrayMatcherTest" name="testBooleanArray" time="0.0040" />

      <testcase classname="org.easymock.tests.ArrayMatcherTest" name="testByteArray" time="0.0010" />

      <testcase classname="org.easymock.tests.ArrayMatcherTest" name="testCharArray" time="0.0" />

      <testcase classname="org.easymock.tests.ArrayMatcherTest" name="testDoubleArray" time="0.0030" />

      <testcase classname="org.easymock.tests.ArrayMatcherTest" name="testFloatArray" time="0.0" />

      <testcase classname="org.easymock.tests.ArrayMatcherTest" name="testIntArray" time="0.0" />

      <testcase classname="org.easymock.tests.ArrayMatcherTest" name="testLongArray" time="0.0" />

      <testcase classname="org.easymock.tests.ArrayMatcherTest" name="testShortArray" time="0.0010" />

      <testcase classname="org.easymock.tests.ArrayMatcherTest" name="testObjectArray" time="0.0" />

      <testcase classname="org.easymock.tests.ArrayMatcherTest" name="testNonArray" time="0.0" />

      <testcase classname="org.easymock.tests.ArrayMatcherTest" name="testToString" time="0.0010" />

      <testcase classname="org.easymock.tests.ArrayMatcherTest" name="testToStringMixed" time="0.0" />

      <system-out />

      <system-err />

  </testsuite>
  <testsuite errors="0" failures="0" hostname="sriki-laptop" id="2" name="DefaultMatcherTest" package="org.easymock.tests" tests="4" time="0.151" timestamp="2009-07-28T06:20:05">
      <properties>
[...]
</properties>

      <testcase classname="org.easymock.tests.DefaultMatcherTest" name="testDefaultMatcher" time="0.041" />

      <testcase classname="org.easymock.tests.DefaultMatcherTest" name="testFailInReplayState" time="0.0010" />

      <testcase classname="org.easymock.tests.DefaultMatcherTest" name="testFailIfDefaultMatcherSetTwice" time="0.0" />

      <testcase classname="org.easymock.tests.DefaultMatcherTest" name="testDefaultMatcherSetTooLate" time="0.0040" />

      <system-out />

      <system-err />

  </testsuite>
  <testsuite errors="0" failures="0" hostname="sriki-laptop" id="3" name="EqualsMatcherTest" package="org.easymock.tests" tests="2" time="0.071" timestamp="2009-07-28T06:20:05">
      <properties>
[...]
</properties>

      <testcase classname="org.easymock.tests.EqualsMatcherTest" name="testEqualsMatcher" time="0.0020" />

      <testcase classname="org.easymock.tests.EqualsMatcherTest" name="testDifferentNumberOfArguments" time="0.0" />

      <system-out />

      <system-err />

  </testsuite>
  <testsuite errors="0" failures="0" hostname="sriki-laptop" id="4" name="ExpectedMethodCallTest" package="org.easymock.tests" tests="1" time="0.088" timestamp="2009-07-28T06:20:05">
      <properties>
[...]
</properties>

      <testcase classname="org.easymock.tests.ExpectedMethodCallTest" name="testHashCode" time="0.0050" />

      <system-out />

      <system-err />

  </testsuite>
  <testsuite errors="0" failures="0" hostname="sriki-laptop" id="5" name="InvocationTest" package="org.easymock.tests" tests="3" time="0.085" timestamp="2009-07-28T06:20:06">
      <properties>
[...]
</properties>

      <testcase classname="org.easymock.tests.InvocationTest" name="testEquals" time="0.0030" />

      <testcase classname="org.easymock.tests.InvocationTest" name="testHashCode" time="0.0" />

      <testcase classname="org.easymock.tests.InvocationTest" name="testShouldDisplayMocksToStringIfValidJavaIdentifier" time="0.0020" />

      <system-out />

      <system-err />

  </testsuite>
  <testsuite errors="0" failures="0" hostname="sriki-laptop" id="6" name="MatchableArgumentsTest" package="org.easymock.tests" tests="1" time="0.106" timestamp="2009-07-28T06:20:06">
      <properties>
[...]
</properties>

      <testcase classname="org.easymock.tests.MatchableArgumentsTest" name="testEquals" time="0.0050" />

      <system-out />

      <system-err />

  </testsuite>
  <testsuite errors="0" failures="0" hostname="sriki-laptop" id="7" name="MockNameTest" package="org.easymock.tests" tests="1" time="0.119" timestamp="2009-07-28T06:20:06">
      <properties>
[...]
</properties>

      <testcase classname="org.easymock.tests.MockNameTest" name="testDefaultName" time="0.042" />

      <system-out />

      <system-err />

  </testsuite>
  <testsuite errors="0" failures="0" hostname="sriki-laptop" id="8" name="NiceMockControlLongCompatibleReturnValueTest" package="org.easymock.tests" tests="5" time="0.141" timestamp="2009-07-28T06:20:07">
      <properties>
[...]
</properties>

      <testcase classname="org.easymock.tests.NiceMockControlLongCompatibleReturnValueTest" name="testByteReturningValue" time="0.052" />

      <testcase classname="org.easymock.tests.NiceMockControlLongCompatibleReturnValueTest" name="testShortReturningValue" time="0.0" />

      <testcase classname="org.easymock.tests.NiceMockControlLongCompatibleReturnValueTest" name="testCharReturningValue" time="0.0010" />

      <testcase classname="org.easymock.tests.NiceMockControlLongCompatibleReturnValueTest" name="testIntReturningValue" time="0.0030" />

      <testcase classname="org.easymock.tests.NiceMockControlLongCompatibleReturnValueTest" name="testLongReturningValue" time="0.0" />

      <system-out />

      <system-err />

  </testsuite>
  <testsuite errors="0" failures="0" hostname="sriki-laptop" id="9" name="NiceMockControlTest" package="org.easymock.tests" tests="4" time="0.13" timestamp="2009-07-28T06:20:07">
      <properties>
[...]
</properties>

      <testcase classname="org.easymock.tests.NiceMockControlTest" name="testDefaultReturnValueBoolean" time="0.05" />

      <testcase classname="org.easymock.tests.NiceMockControlTest" name="testDefaultReturnValueFloat" time="0.0" />

      <testcase classname="org.easymock.tests.NiceMockControlTest" name="testDefaultReturnValueDouble" time="0.0" />

      <testcase classname="org.easymock.tests.NiceMockControlTest" name="testDefaultReturnValueObject" time="0.0030" />

      <system-out />

      <system-err />

  </testsuite>
  <testsuite errors="0" failures="0" hostname="sriki-laptop" id="10" name="ObjectMethodsTest" package="org.easymock.tests" tests="6" time="0.126" timestamp="2009-07-28T06:20:08">
      <properties>
[...]
</properties>

      <testcase classname="org.easymock.tests.ObjectMethodsTest" name="testEqualsBeforeActivation" time="0.03" />

      <testcase classname="org.easymock.tests.ObjectMethodsTest" name="testEqualsAfterActivation" time="0.0010" />

      <testcase classname="org.easymock.tests.ObjectMethodsTest" name="testHashCode" time="0.0010" />

      <testcase classname="org.easymock.tests.ObjectMethodsTest" name="testToStringBeforeActivation" time="0.0030" />

      <testcase classname="org.easymock.tests.ObjectMethodsTest" name="testToStringAfterActivation" time="0.0" />

      <testcase classname="org.easymock.tests.ObjectMethodsTest" name="testToStringForClasses" time="0.0020" />

      <system-out />

      <system-err />

  </testsuite>
  <testsuite errors="0" failures="0" hostname="sriki-laptop" id="11" name="RecordStateInvalidDefaultReturnValueTest" package="org.easymock.tests" tests="6" time="0.121" timestamp="2009-07-28T06:20:08">
      <properties>
[...]
</properties>

      <testcase classname="org.easymock.tests.RecordStateInvalidDefaultReturnValueTest" name="testSetInvalidDefaultBooleanReturnValue" time="0.04" />

      <testcase classname="org.easymock.tests.RecordStateInvalidDefaultReturnValueTest" name="testSetInvalidDefaultLongReturnValue" time="0.0010" />

      <testcase classname="org.easymock.tests.RecordStateInvalidDefaultReturnValueTest" name="testSetInvalidDefaultFloatReturnValue" time="0.0010" />

      <testcase classname="org.easymock.tests.RecordStateInvalidDefaultReturnValueTest" name="testSetInvalidDefaultDoubleReturnValue" time="0.0040" />

      <testcase classname="org.easymock.tests.RecordStateInvalidDefaultReturnValueTest" name="testSetInvalidObjectDefaultReturnValue" time="0.0" />

      <testcase classname="org.easymock.tests.RecordStateInvalidDefaultReturnValueTest" name="testSetDefaultReturnValueWithoutMethodCall" time="0.0010" />

      <system-out />

      <system-err />

  </testsuite>
  <testsuite errors="0" failures="0" hostname="sriki-laptop" id="12" name="RecordStateInvalidDefaultThrowableTest" package="org.easymock.tests" tests="4" time="0.136" timestamp="2009-07-28T06:20:08">
      <properties>
[...]
</properties>

      <testcase classname="org.easymock.tests.RecordStateInvalidDefaultThrowableTest" name="testThrowNull" time="0.05" />

      <testcase classname="org.easymock.tests.RecordStateInvalidDefaultThrowableTest" name="testThrowCheckedExceptionWhereNoCheckedExceptionIsThrown" time="0.0010" />

      <testcase classname="org.easymock.tests.RecordStateInvalidDefaultThrowableTest" name="testThrowWrongCheckedException" time="0.0010" />

      <testcase classname="org.easymock.tests.RecordStateInvalidDefaultThrowableTest" name="testSetDefaultThrowableWithoutMethodCall" time="0.0030" />

      <system-out />

      <system-err />

  </testsuite>
  <testsuite errors="0" failures="0" hostname="sriki-laptop" id="13" name="RecordStateInvalidMatcherTest" package="org.easymock.tests" tests="4" time="0.134" timestamp="2009-07-28T06:20:09">
      <properties>
[...]
</properties>

      <testcase classname="org.easymock.tests.RecordStateInvalidMatcherTest" name="testSetMatcherBeforeCallingMethods" time="0.044" />

      <testcase classname="org.easymock.tests.RecordStateInvalidMatcherTest" name="testSetMatcherTwice" time="0.0030" />

      <testcase classname="org.easymock.tests.RecordStateInvalidMatcherTest" name="testSetMatcherTwice2" time="0.0010" />

      <testcase classname="org.easymock.tests.RecordStateInvalidMatcherTest" name="testSetSameMatcherTwice" time="0.0030" />

      <system-out />

      <system-err />

  </testsuite>
  <testsuite errors="0" failures="0" hostname="sriki-laptop" id="14" name="RecordStateInvalidRangeTest" package="org.easymock.tests" tests="4" time="0.124" timestamp="2009-07-28T06:20:09">
      <properties>
[...]
</properties>

      <testcase classname="org.easymock.tests.RecordStateInvalidRangeTest" name="testSetOpenCallCountTwice" time="0.043" />

      <testcase classname="org.easymock.tests.RecordStateInvalidRangeTest" name="testSetIllegalMinimumCount" time="0.0" />

      <testcase classname="org.easymock.tests.RecordStateInvalidRangeTest" name="testSetIllegalMaximumCount" time="0.0" />

      <testcase classname="org.easymock.tests.RecordStateInvalidRangeTest" name="testSetMinimumBiggerThanMaximum" time="0.0030" />

      <system-out />

      <system-err />

  </testsuite>
  <testsuite errors="0" failures="0" hostname="sriki-laptop" id="15" name="RecordStateInvalidReturnValueTest" package="org.easymock.tests" tests="11" time="0.14" timestamp="2009-07-28T06:20:10">
      <properties>
[...]
</properties>

      <testcase classname="org.easymock.tests.RecordStateInvalidReturnValueTest" name="testSetInvalidBooleanReturnValue" time="0.046" />

      <testcase classname="org.easymock.tests.RecordStateInvalidReturnValueTest" name="testSetInvalidLongReturnValue" time="0.0" />

      <testcase classname="org.easymock.tests.RecordStateInvalidReturnValueTest" name="testSetInvalidFloatReturnValue" time="0.0" />

      <testcase classname="org.easymock.tests.RecordStateInvalidReturnValueTest" name="testSetInvalidDoubleReturnValue" time="0.0030" />

      <testcase classname="org.easymock.tests.RecordStateInvalidReturnValueTest" name="testSetInvalidObjectReturnValue" time="0.0010" />

      <testcase classname="org.easymock.tests.RecordStateInvalidReturnValueTest" name="testSetInvalidBooleanReturnValueCount" time="0.0" />

      <testcase classname="org.easymock.tests.RecordStateInvalidReturnValueTest" name="testSetInvalidLongReturnValueCount" time="0.0" />

      <testcase classname="org.easymock.tests.RecordStateInvalidReturnValueTest" name="testSetInvalidFloatReturnValueCount" time="0.0" />

      <testcase classname="org.easymock.tests.RecordStateInvalidReturnValueTest" name="testSetInvalidDoubleReturnValueCount" time="0.0010" />

      <testcase classname="org.easymock.tests.RecordStateInvalidReturnValueTest" name="testSetInvalidObjectReturnValueCount" time="0.0" />

      <testcase classname="org.easymock.tests.RecordStateInvalidReturnValueTest" name="testSetReturnValueForVoidMethod" time="0.0010" />

      <system-out />

      <system-err />

  </testsuite>
  <testsuite errors="0" failures="0" hostname="sriki-laptop" id="16" name="RecordStateInvalidStateChangeTest" package="org.easymock.tests" tests="3" time="0.111" timestamp="2009-07-28T06:20:10">
      <properties>
[...]
</properties>

      <testcase classname="org.easymock.tests.RecordStateInvalidStateChangeTest" name="testActivateWithoutReturnValue" time="0.044" />

      <testcase classname="org.easymock.tests.RecordStateInvalidStateChangeTest" name="testSecondCallWithoutReturnValue" time="0.0010" />

      <testcase classname="org.easymock.tests.RecordStateInvalidStateChangeTest" name="testVerifyWithoutActivation" time="0.0" />

      <system-out />

      <system-err />

  </testsuite>
  <testsuite errors="0" failures="0" hostname="sriki-laptop" id="17" name="RecordStateInvalidThrowableTest" package="org.easymock.tests" tests="4" time="0.171" timestamp="2009-07-28T06:20:10">
      <properties>
[...]
</properties>

      <testcase classname="org.easymock.tests.RecordStateInvalidThrowableTest" name="testThrowNull" time="0.048" />

      <testcase classname="org.easymock.tests.RecordStateInvalidThrowableTest" name="testThrowCheckedExceptionWhereNoCheckedExceptionIsThrown" time="0.0" />

      <testcase classname="org.easymock.tests.RecordStateInvalidThrowableTest" name="testThrowWrongCheckedException" time="0.0010" />

      <testcase classname="org.easymock.tests.RecordStateInvalidThrowableTest" name="testThrowAfterThrowable" time="0.0080" />

      <system-out />

      <system-err />

  </testsuite>
  <testsuite errors="0" failures="0" hostname="sriki-laptop" id="18" name="RecordStateInvalidUsageTest" package="org.easymock.tests" tests="10" time="0.141" timestamp="2009-07-28T06:20:11">
      <properties>
[...]
</properties>

      <testcase classname="org.easymock.tests.RecordStateInvalidUsageTest" name="testSetReturnValueWithoutMethodCall" time="0.045" />

      <testcase classname="org.easymock.tests.RecordStateInvalidUsageTest" name="testSetExpectedVoidCallCountWithoutMethodCall" time="0.0" />

      <testcase classname="org.easymock.tests.RecordStateInvalidUsageTest" name="testSetWrongReturnValueBoolean" time="0.0060" />

      <testcase classname="org.easymock.tests.RecordStateInvalidUsageTest" name="testSetWrongReturnValueShort" time="0.0030" />

      <testcase classname="org.easymock.tests.RecordStateInvalidUsageTest" name="testSetWrongReturnValueChar" time="0.0010" />

      <testcase classname="org.easymock.tests.RecordStateInvalidUsageTest" name="testSetWrongReturnValueInt" time="0.0" />

      <testcase classname="org.easymock.tests.RecordStateInvalidUsageTest" name="testSetWrongReturnValueLong" time="0.0" />

      <testcase classname="org.easymock.tests.RecordStateInvalidUsageTest" name="testSetWrongReturnValueFloat" time="0.0" />

      <testcase classname="org.easymock.tests.RecordStateInvalidUsageTest" name="testSetWrongReturnValueDouble" time="0.0" />

      <testcase classname="org.easymock.tests.RecordStateInvalidUsageTest" name="testSetWrongReturnValueObject" time="0.0010" />

      <system-out />

      <system-err />

  </testsuite>
  <testsuite errors="0" failures="0" hostname="sriki-laptop" id="19" name="RecordStateMethodCallMissingTest" package="org.easymock.tests" tests="21" time="0.146" timestamp="2009-07-28T06:20:11">
      <properties>
[...]
</properties>

      <testcase classname="org.easymock.tests.RecordStateMethodCallMissingTest" name="testSetBooleanReturnValueWithoutMethodCall" time="0.041" />

      <testcase classname="org.easymock.tests.RecordStateMethodCallMissingTest" name="testSetLongReturnValueWithoutMethodCall" time="0.0" />

      <testcase classname="org.easymock.tests.RecordStateMethodCallMissingTest" name="testSetFloatReturnValueWithoutMethodCall" time="0.0010" />

      <testcase classname="org.easymock.tests.RecordStateMethodCallMissingTest" name="testSetDoubleReturnValueWithoutMethodCall" time="0.0010" />

      <testcase classname="org.easymock.tests.RecordStateMethodCallMissingTest" name="testSetObjectReturnValueWithoutMethodCall" time="0.0" />

      <testcase classname="org.easymock.tests.RecordStateMethodCallMissingTest" name="testSetVoidCallableWithoutMethodCall" time="0.0" />

      <testcase classname="org.easymock.tests.RecordStateMethodCallMissingTest" name="testSetThrowableWithoutMethodCall" time="0.0" />

      <testcase classname="org.easymock.tests.RecordStateMethodCallMissingTest" name="testSetBooleanReturnValueCountWithoutMethodCall" time="0.0" />

      <testcase classname="org.easymock.tests.RecordStateMethodCallMissingTest" name="testSetLongReturnValueCountWithoutMethodCall" time="0.0" />

      <testcase classname="org.easymock.tests.RecordStateMethodCallMissingTest" name="testSetFloatReturnValueCountWithoutMethodCall" time="0.0010" />

      <testcase classname="org.easymock.tests.RecordStateMethodCallMissingTest" name="testSetDoubleReturnValueCountWithoutMethodCall" time="0.0" />

      <testcase classname="org.easymock.tests.RecordStateMethodCallMissingTest" name="testSetObjectReturnValueCountWithoutMethodCall" time="0.0" />

      <testcase classname="org.easymock.tests.RecordStateMethodCallMissingTest" name="testSetVoidCallableCountWithoutMethodCall" time="0.0" />

      <testcase classname="org.easymock.tests.RecordStateMethodCallMissingTest" name="testSetThrowableCountWithoutMethodCall" time="0.0" />

      <testcase classname="org.easymock.tests.RecordStateMethodCallMissingTest" name="testSetBooleanDefaultReturnValueWithoutMethodCall" time="0.0010" />

      <testcase classname="org.easymock.tests.RecordStateMethodCallMissingTest" name="testSetLongDefaultReturnValueWithoutMethodCall" time="0.0010" />

      <testcase classname="org.easymock.tests.RecordStateMethodCallMissingTest" name="testSetFloatDefaultReturnValueWithoutMethodCall" time="0.0" />

      <testcase classname="org.easymock.tests.RecordStateMethodCallMissingTest" name="testSetDoubleDefaultReturnValueWithoutMethodCall" time="0.0" />

      <testcase classname="org.easymock.tests.RecordStateMethodCallMissingTest" name="testSetObjectDefaultReturnValueWithoutMethodCall" time="0.0" />

      <testcase classname="org.easymock.tests.RecordStateMethodCallMissingTest" name="testSetDefaultVoidCallableWithoutMethodCall" time="0.0" />

      <testcase classname="org.easymock.tests.RecordStateMethodCallMissingTest" name="testSetDefaultThrowableWithoutMethodCall" time="0.0" />

      <system-out />

      <system-err />

  </testsuite>
  <testsuite errors="0" failures="0" hostname="sriki-laptop" id="20" name="ReplayStateInvalidCallsTest" package="org.easymock.tests" tests="21" time="0.101" timestamp="2009-07-28T06:20:12">
      <properties>
[...]
</properties>

      <testcase classname="org.easymock.tests.ReplayStateInvalidCallsTest" name="testExpectAndThrowLongWithMinMax" time="0.0060" />

      <testcase classname="org.easymock.tests.ReplayStateInvalidCallsTest" name="testExpectAndReturnObjectWithMinMax" time="0.0" />

      <testcase classname="org.easymock.tests.ReplayStateInvalidCallsTest" name="testSetDefaultMatcher" time="0.0080" />

      <testcase classname="org.easymock.tests.ReplayStateInvalidCallsTest" name="testAsStub" time="0.0030" />

      <testcase classname="org.easymock.tests.ReplayStateInvalidCallsTest" name="testSetMatcher" time="0.0" />

      <testcase classname="org.easymock.tests.ReplayStateInvalidCallsTest" name="testSetDefaultReturnValue" time="0.0" />

      <testcase classname="org.easymock.tests.ReplayStateInvalidCallsTest" name="testSetDefaultThrowable" time="0.0010" />

      <testcase classname="org.easymock.tests.ReplayStateInvalidCallsTest" name="testSetDefaultVoidCallable" time="0.0" />

      <testcase classname="org.easymock.tests.ReplayStateInvalidCallsTest" name="testReplay" time="0.0" />

      <testcase classname="org.easymock.tests.ReplayStateInvalidCallsTest" name="testCheckOrder" time="0.0" />

      <testcase classname="org.easymock.tests.ReplayStateInvalidCallsTest" name="testAndStubReturn" time="0.0" />

      <testcase classname="org.easymock.tests.ReplayStateInvalidCallsTest" name="testAndStubThrow" time="0.0" />

      <testcase classname="org.easymock.tests.ReplayStateInvalidCallsTest" name="testAndStubAnswer" time="0.0" />

      <testcase classname="org.easymock.tests.ReplayStateInvalidCallsTest" name="testTimes" time="0.0" />

      <testcase classname="org.easymock.tests.ReplayStateInvalidCallsTest" name="testCallback" time="0.0010" />

      <testcase classname="org.easymock.tests.ReplayStateInvalidCallsTest" name="testAndReturn" time="0.0" />

      <testcase classname="org.easymock.tests.ReplayStateInvalidCallsTest" name="testAndThrow" time="0.0" />

      <testcase classname="org.easymock.tests.ReplayStateInvalidCallsTest" name="testAndAnswer" time="0.0" />

      <testcase classname="org.easymock.tests.ReplayStateInvalidCallsTest" name="testDefaultThrowable" time="0.0" />

      <testcase classname="org.easymock.tests.ReplayStateInvalidCallsTest" name="testDefaultReturnValue" time="0.0" />

      <testcase classname="org.easymock.tests.ReplayStateInvalidCallsTest" name="testDefaultVoidCallable" time="0.0" />

      <system-out />

      <system-err />

  </testsuite>
  <testsuite errors="0" failures="0" hostname="sriki-laptop" id="21" name="ReplayStateInvalidUsageTest" package="org.easymock.tests" tests="86" time="0.161" timestamp="2009-07-28T06:20:12">
      <properties>
[...]
</properties>

      <testcase classname="org.easymock.tests.ReplayStateInvalidUsageTest" name="testExpectAndThrowObjectWithMinMax" time="0.044" />

      <testcase classname="org.easymock.tests.ReplayStateInvalidUsageTest" name="testExpectAndThrowDoubleWithMinMax" time="0.0" />

      <testcase classname="org.easymock.tests.ReplayStateInvalidUsageTest" name="testExpectAndThrowFloatWithMinMax" time="0.0" />

      <testcase classname="org.easymock.tests.ReplayStateInvalidUsageTest" name="testExpectAndThrowLongWithMinMax" time="0.0010" />

      <testcase classname="org.easymock.tests.ReplayStateInvalidUsageTest" name="testExpectAndThrowBooleanWithMinMax" time="0.0010" />

      <testcase classname="org.easymock.tests.ReplayStateInvalidUsageTest" name="testExpectAndThrowObjectWithCount" time="0.0" />

      <testcase classname="org.easymock.tests.ReplayStateInvalidUsageTest" name="testExpectAndThrowDoubleWithCount" time="0.0010" />

      <testcase classname="org.easymock.tests.ReplayStateInvalidUsageTest" name="testExpectAndThrowFloatWithCount" time="0.0" />

      <testcase classname="org.easymock.tests.ReplayStateInvalidUsageTest" name="testExpectAndThrowLongWithCount" time="0.0010" />

      <testcase classname="org.easymock.tests.ReplayStateInvalidUsageTest" name="testExpectAndThrowBooleanWithCount" time="0.0" />

      <testcase classname="org.easymock.tests.ReplayStateInvalidUsageTest" name="testExpectAndThrowObjectWithRange" time="0.0010" />

      <testcase classname="org.easymock.tests.ReplayStateInvalidUsageTest" name="testExpectAndThrowDoubleWithRange" time="0.0" />

      <testcase classname="org.easymock.tests.ReplayStateInvalidUsageTest" name="testExpectAndThrowFloatWithRange" time="0.0010" />

      <testcase classname="org.easymock.tests.ReplayStateInvalidUsageTest" name="testExpectAndThrowLongWithRange" time="0.0" />

      <testcase classname="org.easymock.tests.ReplayStateInvalidUsageTest" name="testExpectAndThrowBooleanWithRange" time="0.0" />

      <testcase classname="org.easymock.tests.ReplayStateInvalidUsageTest" name="testExpectAndThrowObject" time="0.0010" />

      <testcase classname="org.easymock.tests.ReplayStateInvalidUsageTest" name="testExpectAndThrowDouble" time="0.0" />

      <testcase classname="org.easymock.tests.ReplayStateInvalidUsageTest" name="testExpectAndThrowFloat" time="0.0010" />

      <testcase classname="org.easymock.tests.ReplayStateInvalidUsageTest" name="testExpectAndThrowLong" time="0.0" />

      <testcase classname="org.easymock.tests.ReplayStateInvalidUsageTest" name="testExpectAndThrowBoolean" time="0.0010" />

      <testcase classname="org.easymock.tests.ReplayStateInvalidUsageTest" name="testExpectAndReturnObjectWithMinMax" time="0.0" />

      <testcase classname="org.easymock.tests.ReplayStateInvalidUsageTest" name="testExpectAndReturnDoubleWithMinMax" time="0.0010" />

      <testcase classname="org.easymock.tests.ReplayStateInvalidUsageTest" name="testExpectAndReturnFloatWithMinMax" time="0.0" />

      <testcase classname="org.easymock.tests.ReplayStateInvalidUsageTest" name="testExpectAndReturnLongWithMinMax" time="0.0010" />

      <testcase classname="org.easymock.tests.ReplayStateInvalidUsageTest" name="testExpectAndReturnBooleanWithMinMax" time="0.0" />

      <testcase classname="org.easymock.tests.ReplayStateInvalidUsageTest" name="testExpectAndReturnObjectWithCount" time="0.0" />

      <testcase classname="org.easymock.tests.ReplayStateInvalidUsageTest" name="testExpectAndReturnDoubleWithCount" time="0.0" />

      <testcase classname="org.easymock.tests.ReplayStateInvalidUsageTest" name="testExpectAndReturnFloatWithCount" time="0.0" />

      <testcase classname="org.easymock.tests.ReplayStateInvalidUsageTest" name="testExpectAndReturnLongWithCount" time="0.0" />

      <testcase classname="org.easymock.tests.ReplayStateInvalidUsageTest" name="testExpectAndReturnBooleanWithCount" time="0.0" />

      <testcase classname="org.easymock.tests.ReplayStateInvalidUsageTest" name="testExpectAndReturnObjectWithRange" time="0.0" />

      <testcase classname="org.easymock.tests.ReplayStateInvalidUsageTest" name="testExpectAndReturnDoubleWithRange" time="0.0" />

      <testcase classname="org.easymock.tests.ReplayStateInvalidUsageTest" name="testExpectAndReturnFloatWithRange" time="0.0" />

      <testcase classname="org.easymock.tests.ReplayStateInvalidUsageTest" name="testExpectAndReturnLongWithRange" time="0.0" />

      <testcase classname="org.easymock.tests.ReplayStateInvalidUsageTest" name="testExpectAndReturnBooleanWithRange" time="0.0" />

      <testcase classname="org.easymock.tests.ReplayStateInvalidUsageTest" name="testExpectAndReturnObject" time="0.0" />

      <testcase classname="org.easymock.tests.ReplayStateInvalidUsageTest" name="testExpectAndReturnDouble" time="0.0" />

      <testcase classname="org.easymock.tests.ReplayStateInvalidUsageTest" name="testExpectAndReturnFloat" time="0.0010" />

      <testcase classname="org.easymock.tests.ReplayStateInvalidUsageTest" name="testExpectAndReturnLong" time="0.0" />

      <testcase classname="org.easymock.tests.ReplayStateInvalidUsageTest" name="testExpectAndReturnBoolean" time="0.0010" />

      <testcase classname="org.easymock.tests.ReplayStateInvalidUsageTest" name="testSetDefaultMatcher" time="0.0" />

      <testcase classname="org.easymock.tests.ReplayStateInvalidUsageTest" name="testSetReturnValueObjectWithMinMax" time="0.0" />

      <testcase classname="org.easymock.tests.ReplayStateInvalidUsageTest" name="testSetReturnValueDoubleWithMinMax" time="0.0" />

      <testcase classname="org.easymock.tests.ReplayStateInvalidUsageTest" name="testSetReturnValueFloatWithMinMax" time="0.0010" />

      <testcase classname="org.easymock.tests.ReplayStateInvalidUsageTest" name="testSetReturnValueLongWithMinMax" time="0.0" />

      <testcase classname="org.easymock.tests.ReplayStateInvalidUsageTest" name="testSetReturnValueBooleanWithMinMax" time="0.0010" />

      <testcase classname="org.easymock.tests.ReplayStateInvalidUsageTest" name="testSetThrowableWithMinMax" time="0.0" />

      <testcase classname="org.easymock.tests.ReplayStateInvalidUsageTest" name="testSetVoidCallableWithMinMax" time="0.0010" />

      <testcase classname="org.easymock.tests.ReplayStateInvalidUsageTest" name="testSetMatcher" time="0.0" />

      <testcase classname="org.easymock.tests.ReplayStateInvalidUsageTest" name="testSetDefaultReturnValueObject" time="0.0010" />

      <testcase classname="org.easymock.tests.ReplayStateInvalidUsageTest" name="testSetDefaultReturnValueDouble" time="0.0" />

      <testcase classname="org.easymock.tests.ReplayStateInvalidUsageTest" name="testSetDefaultReturnValueFloat" time="0.0010" />

      <testcase classname="org.easymock.tests.ReplayStateInvalidUsageTest" name="testSetDefaultReturnValueLong" time="0.0" />

      <testcase classname="org.easymock.tests.ReplayStateInvalidUsageTest" name="testSetDefaultReturnValueBoolean" time="0.0010" />

      <testcase classname="org.easymock.tests.ReplayStateInvalidUsageTest" name="testSetDefaultThrowable" time="0.0" />

      <testcase classname="org.easymock.tests.ReplayStateInvalidUsageTest" name="testSetDefaultVoidCallable" time="0.0010" />

      <testcase classname="org.easymock.tests.ReplayStateInvalidUsageTest" name="testSetReturnValueObjectWithRange" time="0.0" />

      <testcase classname="org.easymock.tests.ReplayStateInvalidUsageTest" name="testSetReturnValueLongWithRange" time="0.0010" />

      <testcase classname="org.easymock.tests.ReplayStateInvalidUsageTest" name="testSetReturnValueFloatWithRange" time="0.0" />

      <testcase classname="org.easymock.tests.ReplayStateInvalidUsageTest" name="testSetReturnValueDoubleWithRange" time="0.0010" />

      <testcase classname="org.easymock.tests.ReplayStateInvalidUsageTest" name="testSetReturnValueBooleanWithRange" time="0.0" />

      <testcase classname="org.easymock.tests.ReplayStateInvalidUsageTest" name="testSetThrowableWithRange" time="0.0010" />

      <testcase classname="org.easymock.tests.ReplayStateInvalidUsageTest" name="testSetVoidCallableWithRange" time="0.0" />

      <testcase classname="org.easymock.tests.ReplayStateInvalidUsageTest" name="testSetReturnValueObjectWithCount" time="0.0" />

      <testcase classname="org.easymock.tests.ReplayStateInvalidUsageTest" name="testSetReturnValueLongWithCount" time="0.0" />

      <testcase classname="org.easymock.tests.ReplayStateInvalidUsageTest" name="testSetReturnValueFloatWithCount" time="0.0" />

      <testcase classname="org.easymock.tests.ReplayStateInvalidUsageTest" name="testSetReturnValueDoubleWithCount" time="0.0" />

      <testcase classname="org.easymock.tests.ReplayStateInvalidUsageTest" name="testSetReturnValueBooleanWithCount" time="0.0" />

      <testcase classname="org.easymock.tests.ReplayStateInvalidUsageTest" name="testSetThrowableWithCount" time="0.0010" />

      <testcase classname="org.easymock.tests.ReplayStateInvalidUsageTest" name="testSetVoidCallableWithCount" time="0.0" />

      <testcase classname="org.easymock.tests.ReplayStateInvalidUsageTest" name="testSetReturnValueObject" time="0.0010" />

      <testcase classname="org.easymock.tests.ReplayStateInvalidUsageTest" name="testSetReturnValueDouble" time="0.0" />

      <testcase classname="org.easymock.tests.ReplayStateInvalidUsageTest" name="testSetReturnValueFloat" time="0.0010" />

      <testcase classname="org.easymock.tests.ReplayStateInvalidUsageTest" name="testSetReturnValueLong" time="0.0010" />

      <testcase classname="org.easymock.tests.ReplayStateInvalidUsageTest" name="testSetReturnValueBoolean" time="0.0" />

      <testcase classname="org.easymock.tests.ReplayStateInvalidUsageTest" name="testSetThrowable" time="0.0010" />

      <testcase classname="org.easymock.tests.ReplayStateInvalidUsageTest" name="testSetVoidCallable" time="0.0" />

      <testcase classname="org.easymock.tests.ReplayStateInvalidUsageTest" name="testReplay" time="0.0010" />

      <testcase classname="org.easymock.tests.ReplayStateInvalidUsageTest" name="testCreateMock" time="0.0" />

      <testcase classname="org.easymock.tests.ReplayStateInvalidUsageTest" name="testCreateMockWithName" time="0.0010" />

      <testcase classname="org.easymock.tests.ReplayStateInvalidUsageTest" name="testCheckOrder" time="0.0" />

      <testcase classname="org.easymock.tests.ReplayStateInvalidUsageTest" name="testAndStubReturn" time="0.0010" />

      <testcase classname="org.easymock.tests.ReplayStateInvalidUsageTest" name="testAndStubThrow" time="0.0" />

      <testcase classname="org.easymock.tests.ReplayStateInvalidUsageTest" name="testAsStub" time="0.0010" />

      <testcase classname="org.easymock.tests.ReplayStateInvalidUsageTest" name="testTimes" time="0.0" />

      <testcase classname="org.easymock.tests.ReplayStateInvalidUsageTest" name="testAnyTimess" time="0.0010" />

      <system-out />

      <system-err />

  </testsuite>
  <testsuite errors="0" failures="0" hostname="sriki-laptop" id="22" name="StacktraceTest" package="org.easymock.tests" tests="4" time="0.137" timestamp="2009-07-28T06:20:12">
      <properties>
[...]
</properties>

      <testcase classname="org.easymock.tests.StacktraceTest" name="testAssertRecordStateNoFillInStacktraceWhenExceptionNotFromEasyMock" time="0.049" />

      <testcase classname="org.easymock.tests.StacktraceTest" name="testAssertReplayNoFillInStacktraceWhenExceptionNotFromEasyMock" time="0.0010" />

      <testcase classname="org.easymock.tests.StacktraceTest" name="testAssertReplayStateNoFillInStacktraceWhenExceptionNotFromEasyMock" time="0.0020" />

      <testcase classname="org.easymock.tests.StacktraceTest" name="testAssertVerifyNoFillInStacktraceWhenExceptionNotFromEasyMock" time="0.0070" />

      <system-out />

      <system-err />

  </testsuite>
  <testsuite errors="0" failures="0" hostname="sriki-laptop" id="23" name="UsageCallCountTest" package="org.easymock.tests" tests="5" time="0.125" timestamp="2009-07-28T06:20:13">
      <properties>
[...]
</properties>

      <testcase classname="org.easymock.tests.UsageCallCountTest" name="testMockWithNoExpectedCallsPassesWithNoCalls" time="0.029" />

      <testcase classname="org.easymock.tests.UsageCallCountTest" name="testMockWithNoExpectedCallsFailsAtFirstCall" time="0.0020" />

      <testcase classname="org.easymock.tests.UsageCallCountTest" name="testMockWithOneExpectedCallFailsAtVerify" time="0.0050" />

      <testcase classname="org.easymock.tests.UsageCallCountTest" name="testMockWithOneExpectedCallPassesWithOneCall" time="0.0030" />

      <testcase classname="org.easymock.tests.UsageCallCountTest" name="testMockWithOneExpectedCallFailsAtSecondCall" time="0.0010" />

      <system-out />

      <system-err />

  </testsuite>
  <testsuite errors="0" failures="0" hostname="sriki-laptop" id="24" name="UsageDefaultReturnValueTest" package="org.easymock.tests" tests="4" time="0.125" timestamp="2009-07-28T06:20:13">
      <properties>
[...]
</properties>

      <testcase classname="org.easymock.tests.UsageDefaultReturnValueTest" name="testDefaultReturnValue" time="0.053" />

      <testcase classname="org.easymock.tests.UsageDefaultReturnValueTest" name="testDefaultVoidCallable" time="0.0010" />

      <testcase classname="org.easymock.tests.UsageDefaultReturnValueTest" name="testDefaultThrowable" time="0.0010" />

      <testcase classname="org.easymock.tests.UsageDefaultReturnValueTest" name="testDefaultReturnValueBoolean" time="0.0030" />

      <system-out />

      <system-err />

  </testsuite>
  <testsuite errors="0" failures="0" hostname="sriki-laptop" id="25" name="UsageExpectAndDefaultReturnTest" package="org.easymock.tests" tests="5" time="0.126" timestamp="2009-07-28T06:20:14">
      <properties>
[...]
</properties>

      <testcase classname="org.easymock.tests.UsageExpectAndDefaultReturnTest" name="testBooleanType" time="0.043" />

      <testcase classname="org.easymock.tests.UsageExpectAndDefaultReturnTest" name="testLongType" time="0.0010" />

      <testcase classname="org.easymock.tests.UsageExpectAndDefaultReturnTest" name="testFloatType" time="0.0010" />

      <testcase classname="org.easymock.tests.UsageExpectAndDefaultReturnTest" name="testDoubleType" time="0.0030" />

      <testcase classname="org.easymock.tests.UsageExpectAndDefaultReturnTest" name="testObjectType" time="0.0" />

      <system-out />

      <system-err />

  </testsuite>
  <testsuite errors="0" failures="0" hostname="sriki-laptop" id="26" name="UsageExpectAndDefaultThrowTest" package="org.easymock.tests" tests="6" time="0.144" timestamp="2009-07-28T06:20:14">
      <properties>
[...]
</properties>

      <testcase classname="org.easymock.tests.UsageExpectAndDefaultThrowTest" name="testBooleanType" time="0.065" />

      <testcase classname="org.easymock.tests.UsageExpectAndDefaultThrowTest" name="testLongType" time="0.0" />

      <testcase classname="org.easymock.tests.UsageExpectAndDefaultThrowTest" name="testFloatType" time="0.0010" />

      <testcase classname="org.easymock.tests.UsageExpectAndDefaultThrowTest" name="testDoubleType" time="0.0030" />

      <testcase classname="org.easymock.tests.UsageExpectAndDefaultThrowTest" name="testObject" time="0.0" />

      <testcase classname="org.easymock.tests.UsageExpectAndDefaultThrowTest" name="testThrowableAndDefaultThrowable" time="0.0030" />

      <system-out />

      <system-err />

  </testsuite>
  <testsuite errors="0" failures="0" hostname="sriki-laptop" id="27" name="UsageExpectAndReturnTest" package="org.easymock.tests" tests="20" time="0.13" timestamp="2009-07-28T06:20:15">
      <properties>
[...]
</properties>

      <testcase classname="org.easymock.tests.UsageExpectAndReturnTest" name="testBooleanType" time="0.045" />

      <testcase classname="org.easymock.tests.UsageExpectAndReturnTest" name="testLongType" time="0.0010" />

      <testcase classname="org.easymock.tests.UsageExpectAndReturnTest" name="testFloatType" time="0.0010" />

      <testcase classname="org.easymock.tests.UsageExpectAndReturnTest" name="testDoubleType" time="0.0010" />

      <testcase classname="org.easymock.tests.UsageExpectAndReturnTest" name="testObject" time="0.0" />

      <testcase classname="org.easymock.tests.UsageExpectAndReturnTest" name="testBooleanAndRange" time="0.0010" />

      <testcase classname="org.easymock.tests.UsageExpectAndReturnTest" name="testLongAndRange" time="0.0" />

      <testcase classname="org.easymock.tests.UsageExpectAndReturnTest" name="testFloatAndRange" time="0.0010" />

      <testcase classname="org.easymock.tests.UsageExpectAndReturnTest" name="testDoubleAndRange" time="0.0" />

      <testcase classname="org.easymock.tests.UsageExpectAndReturnTest" name="testObjectAndRange" time="0.0010" />

      <testcase classname="org.easymock.tests.UsageExpectAndReturnTest" name="testBooleanAndCount" time="0.0" />

      <testcase classname="org.easymock.tests.UsageExpectAndReturnTest" name="testLongAndCount" time="0.0010" />

      <testcase classname="org.easymock.tests.UsageExpectAndReturnTest" name="testFloatAndCount" time="0.0" />

      <testcase classname="org.easymock.tests.UsageExpectAndReturnTest" name="testDoubleAndCount" time="0.0010" />

      <testcase classname="org.easymock.tests.UsageExpectAndReturnTest" name="testObjectAndCount" time="0.0" />

      <testcase classname="org.easymock.tests.UsageExpectAndReturnTest" name="testBooleanAndMinMax" time="0.0010" />

      <testcase classname="org.easymock.tests.UsageExpectAndReturnTest" name="testLongAndMinMax" time="0.0" />

      <testcase classname="org.easymock.tests.UsageExpectAndReturnTest" name="testFloatAndMinMax" time="0.0" />

      <testcase classname="org.easymock.tests.UsageExpectAndReturnTest" name="testDoubleAndMinMax" time="0.0" />

      <testcase classname="org.easymock.tests.UsageExpectAndReturnTest" name="testObjectAndMinMax" time="0.0010" />

      <system-out />

      <system-err />

  </testsuite>
  <testsuite errors="0" failures="0" hostname="sriki-laptop" id="28" name="UsageExpectAndThrowTest" package="org.easymock.tests" tests="20" time="0.149" timestamp="2009-07-28T06:20:15">
      <properties>
[...]
</properties>

      <testcase classname="org.easymock.tests.UsageExpectAndThrowTest" name="testBooleanType" time="0.057" />

      <testcase classname="org.easymock.tests.UsageExpectAndThrowTest" name="testLongType" time="0.0010" />

      <testcase classname="org.easymock.tests.UsageExpectAndThrowTest" name="testFloatType" time="0.0010" />

      <testcase classname="org.easymock.tests.UsageExpectAndThrowTest" name="testDoubleType" time="0.0020" />

      <testcase classname="org.easymock.tests.UsageExpectAndThrowTest" name="testObject" time="0.0" />

      <testcase classname="org.easymock.tests.UsageExpectAndThrowTest" name="testBooleanAndRange" time="0.0" />

      <testcase classname="org.easymock.tests.UsageExpectAndThrowTest" name="testLongAndRange" time="0.0" />

      <testcase classname="org.easymock.tests.UsageExpectAndThrowTest" name="testFloatAndRange" time="0.0010" />

      <testcase classname="org.easymock.tests.UsageExpectAndThrowTest" name="testDoubleAndRange" time="0.0" />

      <testcase classname="org.easymock.tests.UsageExpectAndThrowTest" name="testObjectAndRange" time="0.0010" />

      <testcase classname="org.easymock.tests.UsageExpectAndThrowTest" name="testBooleanAndCount" time="0.0" />

      <testcase classname="org.easymock.tests.UsageExpectAndThrowTest" name="testLongAndCount" time="0.0010" />

      <testcase classname="org.easymock.tests.UsageExpectAndThrowTest" name="testFloatAndCount" time="0.0" />

      <testcase classname="org.easymock.tests.UsageExpectAndThrowTest" name="testDoubleAndCount" time="0.0" />

      <testcase classname="org.easymock.tests.UsageExpectAndThrowTest" name="testObjectAndCount" time="0.0010" />

      <testcase classname="org.easymock.tests.UsageExpectAndThrowTest" name="testBooleanAndMinMax" time="0.0010" />

      <testcase classname="org.easymock.tests.UsageExpectAndThrowTest" name="testLongAndMinMax" time="0.0010" />

      <testcase classname="org.easymock.tests.UsageExpectAndThrowTest" name="testFloatAndMinMax" time="0.0010" />

      <testcase classname="org.easymock.tests.UsageExpectAndThrowTest" name="testDoubleAndMinMax" time="0.0" />

      <testcase classname="org.easymock.tests.UsageExpectAndThrowTest" name="testObjectAndMinMax" time="0.0" />

      <system-out />

      <system-err />

  </testsuite>
  <testsuite errors="0" failures="0" hostname="sriki-laptop" id="29" name="UsageFloatingPointReturnValueTest" package="org.easymock.tests" tests="2" time="0.136" timestamp="2009-07-28T06:20:15">
      <properties>
[...]
</properties>

      <testcase classname="org.easymock.tests.UsageFloatingPointReturnValueTest" name="testReturnFloat" time="0.046" />

      <testcase classname="org.easymock.tests.UsageFloatingPointReturnValueTest" name="testReturnDouble" time="0.0010" />

      <system-out />

      <system-err />

  </testsuite>
  <testsuite errors="0" failures="0" hostname="sriki-laptop" id="30" name="UsageLongCompatibleReturnValueTest" package="org.easymock.tests" tests="5" time="0.139" timestamp="2009-07-28T06:20:16">
      <properties>
[...]
</properties>

      <testcase classname="org.easymock.tests.UsageLongCompatibleReturnValueTest" name="testReturnByte" time="0.052" />

      <testcase classname="org.easymock.tests.UsageLongCompatibleReturnValueTest" name="testReturnShort" time="0.0" />

      <testcase classname="org.easymock.tests.UsageLongCompatibleReturnValueTest" name="testReturnChar" time="0.0010" />

      <testcase classname="org.easymock.tests.UsageLongCompatibleReturnValueTest" name="testReturnInt" time="0.0050" />

      <testcase classname="org.easymock.tests.UsageLongCompatibleReturnValueTest" name="testReturnLong" time="0.0" />

      <system-out />

      <system-err />

  </testsuite>
  <testsuite errors="0" failures="0" hostname="sriki-laptop" id="31" name="UsageOverloadedDefaultValueTest" package="org.easymock.tests" tests="2" time="0.149" timestamp="2009-07-28T06:20:16">
      <properties>
[...]
</properties>

      <testcase classname="org.easymock.tests.UsageOverloadedDefaultValueTest" name="testOverloading" time="0.057" />

      <testcase classname="org.easymock.tests.UsageOverloadedDefaultValueTest" name="testDefaultThrowable" time="0.0010" />

      <system-out />

      <system-err />

  </testsuite>
  <testsuite errors="0" failures="0" hostname="sriki-laptop" id="32" name="UsageOverloadedMethodTest" package="org.easymock.tests" tests="3" time="0.152" timestamp="2009-07-28T06:20:17">
      <properties>
[...]
</properties>

      <testcase classname="org.easymock.tests.UsageOverloadedMethodTest" name="testOverloading" time="0.06" />

      <testcase classname="org.easymock.tests.UsageOverloadedMethodTest" name="testNullReturnValue" time="0.0" />

      <testcase classname="org.easymock.tests.UsageOverloadedMethodTest" name="testMoreThanOneResultAndOpenCallCount" time="0.0010" />

      <system-out />

      <system-err />

  </testsuite>
  <testsuite errors="0" failures="0" hostname="sriki-laptop" id="33" name="UsageRangeTest" package="org.easymock.tests" tests="5" time="0.124" timestamp="2009-07-28T06:20:17">
      <properties>
[...]
</properties>

      <testcase classname="org.easymock.tests.UsageRangeTest" name="testZeroOrMoreNoCalls" time="0.044" />

      <testcase classname="org.easymock.tests.UsageRangeTest" name="testZeroOrMoreOneCall" time="0.0010" />

      <testcase classname="org.easymock.tests.UsageRangeTest" name="testZeroOrMoreThreeCalls" time="0.0010" />

      <testcase classname="org.easymock.tests.UsageRangeTest" name="testCombination" time="0.0050" />

      <testcase classname="org.easymock.tests.UsageRangeTest" name="testWithIllegalOwnRange" time="0.0" />

      <system-out />

      <system-err />

  </testsuite>
  <testsuite errors="0" failures="0" hostname="sriki-laptop" id="34" name="UsageStrictMockTest" package="org.easymock.tests" tests="9" time="0.155" timestamp="2009-07-28T06:20:17">
      <properties>
[...]
</properties>

      <testcase classname="org.easymock.tests.UsageStrictMockTest" name="testVerify" time="0.056" />

      <testcase classname="org.easymock.tests.UsageStrictMockTest" name="testOrderedCallsSucces" time="0.0010" />

      <testcase classname="org.easymock.tests.UsageStrictMockTest" name="testUnorderedCallsFailure" time="0.0020" />

      <testcase classname="org.easymock.tests.UsageStrictMockTest" name="testTooManyCallsFailure" time="0.0030" />

      <testcase classname="org.easymock.tests.UsageStrictMockTest" name="testTooFewCallsFailure" time="0.0010" />

      <testcase classname="org.easymock.tests.UsageStrictMockTest" name="testDifferentMethods" time="0.0040" />

      <testcase classname="org.easymock.tests.UsageStrictMockTest" name="testRange" time="0.0010" />

      <testcase classname="org.easymock.tests.UsageStrictMockTest" name="testDefaultBehavior" time="0.0010" />

      <testcase classname="org.easymock.tests.UsageStrictMockTest" name="testUnexpectedCallWithArray" time="0.0020" />

      <system-out />

      <system-err />

  </testsuite>
  <testsuite errors="0" failures="0" hostname="sriki-laptop" id="35" name="UsageTest" package="org.easymock.tests" tests="9" time="0.153" timestamp="2009-07-28T06:20:18">
      <properties>
[...]
</properties>

      <testcase classname="org.easymock.tests.UsageTest" name="testExactCallCountByLastCall" time="0.05" />

      <testcase classname="org.easymock.tests.UsageTest" name="testOpenCallCountByLastCall" time="0.0010" />

      <testcase classname="org.easymock.tests.UsageTest" name="testExactCallCountByLastThrowable" time="0.0010" />

      <testcase classname="org.easymock.tests.UsageTest" name="testOpenCallCountByLastThrowable" time="0.0040" />

      <testcase classname="org.easymock.tests.UsageTest" name="testMoreThanOneArgument" time="0.0020" />

      <testcase classname="org.easymock.tests.UsageTest" name="testUnexpectedCallWithArray" time="0.0010" />

      <testcase classname="org.easymock.tests.UsageTest" name="testWrongArguments" time="0.0" />

      <testcase classname="org.easymock.tests.UsageTest" name="testSummarizeSameObjectArguments" time="0.0010" />

      <testcase classname="org.easymock.tests.UsageTest" name="testArgumentsOrdered" time="0.0010" />

      <system-out />

      <system-err />

  </testsuite>
  <testsuite errors="0" failures="0" hostname="sriki-laptop" id="36" name="UsageThrowableTest" package="org.easymock.tests" tests="8" time="0.143" timestamp="2009-07-28T06:20:18">
      <properties>
[...]
</properties>

      <testcase classname="org.easymock.tests.UsageThrowableTest" name="testNoUpperLimit" time="0.058" />

      <testcase classname="org.easymock.tests.UsageThrowableTest" name="testThrowRuntimeException" time="0.0010" />

      <testcase classname="org.easymock.tests.UsageThrowableTest" name="testThrowSubclassOfRuntimeException" time="0.0" />

      <testcase classname="org.easymock.tests.UsageThrowableTest" name="testThrowError" time="0.0030" />

      <testcase classname="org.easymock.tests.UsageThrowableTest" name="testThrowSubclassOfError" time="0.0" />

      <testcase classname="org.easymock.tests.UsageThrowableTest" name="testThrowCheckedException" time="0.0020" />

      <testcase classname="org.easymock.tests.UsageThrowableTest" name="testThrowSubclassOfCheckedException" time="0.0010" />

      <testcase classname="org.easymock.tests.UsageThrowableTest" name="testThrowAfterReturnValue" time="0.0" />

      <system-out />

      <system-err />

  </testsuite>
  <testsuite errors="0" failures="0" hostname="sriki-laptop" id="37" name="UsageUnorderedTest" package="org.easymock.tests" tests="1" time="0.14" timestamp="2009-07-28T06:20:19">
      <properties>
[...]
</properties>

      <testcase classname="org.easymock.tests.UsageUnorderedTest" name="testMessage" time="0.043" />

      <system-out />

      <system-err />

  </testsuite>
  <testsuite errors="0" failures="0" hostname="sriki-laptop" id="38" name="UsageVarargTest" package="org.easymock.tests" tests="1" time="0.119" timestamp="2009-07-28T06:20:19">
      <properties>
[...]
</properties>

      <testcase classname="org.easymock.tests.UsageVarargTest" name="testVarargObjectAccepted" time="0.029" />

      <system-out />

      <system-err />

  </testsuite>
  <testsuite errors="0" failures="0" hostname="sriki-laptop" id="39" name="UsageVerifyTest" package="org.easymock.tests" tests="3" time="0.149" timestamp="2009-07-28T06:20:20">
      <properties>
[...]
</properties>

      <testcase classname="org.easymock.tests.UsageVerifyTest" name="testTwoReturns" time="0.05" />

      <testcase classname="org.easymock.tests.UsageVerifyTest" name="testAtLeastTwoReturns" time="0.0010" />

      <testcase classname="org.easymock.tests.UsageVerifyTest" name="testTwoThrows" time="0.0060" />

      <system-out />

      <system-err />

  </testsuite>
  <testsuite errors="0" failures="0" hostname="sriki-laptop" id="40" name="AnswerTest" package="org.easymock.tests2" tests="4" time="0.121" timestamp="2009-07-28T06:20:20">
      <properties>
[...]
</properties>

      <testcase classname="org.easymock.tests2.AnswerTest" name="testAnswer" time="0.046" />

      <testcase classname="org.easymock.tests2.AnswerTest" name="testStubAnswer" time="0.0020" />

      <testcase classname="org.easymock.tests2.AnswerTest" name="testNullAnswerNotAllowed" time="0.0" />

      <testcase classname="org.easymock.tests2.AnswerTest" name="testNullStubAnswerNotAllowed" time="0.0030" />

      <system-out />

      <system-err />

  </testsuite>
  <testsuite errors="0" failures="0" hostname="sriki-laptop" id="41" name="CallbackAndArgumentsTest" package="org.easymock.tests2" tests="3" time="0.119" timestamp="2009-07-28T06:20:20">
      <properties>
[...]
</properties>

      <testcase classname="org.easymock.tests2.CallbackAndArgumentsTest" name="testCallbackGetsArguments" time="0.047" />

      <testcase classname="org.easymock.tests2.CallbackAndArgumentsTest" name="testCurrentArgumentsFailsOutsideCallbacks" time="0.0" />

      <testcase classname="org.easymock.tests2.CallbackAndArgumentsTest" name="testCallbackGetsArgumentsEvenIfAMockCallsAnother" time="0.0020" />

      <system-out />

      <system-err />

  </testsuite>
  <testsuite errors="0" failures="0" hostname="sriki-laptop" id="42" name="CallbackTest" package="org.easymock.tests2" tests="1" time="0.139" timestamp="2009-07-28T06:20:21">
      <properties>
[...]
</properties>

      <testcase classname="org.easymock.tests2.CallbackTest" name="testCallback" time="0.048" />

      <system-out />

      <system-err />

  </testsuite>
  <testsuite errors="0" failures="0" hostname="sriki-laptop" id="43" name="CompareToTest" package="org.easymock.tests2" tests="6" time="0.089" timestamp="2009-07-28T06:20:21">
      <properties>
[...]
</properties>

      <testcase classname="org.easymock.tests2.CompareToTest" name="testTestNotComparable" time="0.0020" />

      <testcase classname="org.easymock.tests2.CompareToTest" name="testTestLessThan" time="0.0" />

      <testcase classname="org.easymock.tests2.CompareToTest" name="testTestGreateThan" time="0.0" />

      <testcase classname="org.easymock.tests2.CompareToTest" name="testTestLessOrEqual" time="0.0030" />

      <testcase classname="org.easymock.tests2.CompareToTest" name="testTestGreateOrEqual" time="0.0" />

      <testcase classname="org.easymock.tests2.CompareToTest" name="testTestCompareEqual" time="0.0020" />

      <system-out />

      <system-err />

  </testsuite>
  <testsuite errors="0" failures="0" hostname="sriki-laptop" id="44" name="ConstraintsToStringTest" package="org.easymock.tests2" tests="17" time="0.139" timestamp="2009-07-28T06:20:22">
      <properties>
[...]
</properties>

      <testcase classname="org.easymock.tests2.ConstraintsToStringTest" name="testSameToStringWithString" time="0.0030" />

      <testcase classname="org.easymock.tests2.ConstraintsToStringTest" name="testNullToString" time="0.0010" />

      <testcase classname="org.easymock.tests2.ConstraintsToStringTest" name="testNotNullToString" time="0.0" />

      <testcase classname="org.easymock.tests2.ConstraintsToStringTest" name="testAnyToString" time="0.0010" />

      <testcase classname="org.easymock.tests2.ConstraintsToStringTest" name="testSameToStringWithChar" time="0.0" />

      <testcase classname="org.easymock.tests2.ConstraintsToStringTest" name="testSameToStringWithObject" time="0.0010" />

      <testcase classname="org.easymock.tests2.ConstraintsToStringTest" name="testEqualsToStringWithString" time="0.0010" />

      <testcase classname="org.easymock.tests2.ConstraintsToStringTest" name="testEqualsToStringWithChar" time="0.0010" />

      <testcase classname="org.easymock.tests2.ConstraintsToStringTest" name="testEqualsToStringWithObject" time="0.0010" />

      <testcase classname="org.easymock.tests2.ConstraintsToStringTest" name="testOrToString" time="0.0010" />

      <testcase classname="org.easymock.tests2.ConstraintsToStringTest" name="testNotToString" time="0.0010" />

      <testcase classname="org.easymock.tests2.ConstraintsToStringTest" name="testAndToString" time="0.0020" />

      <testcase classname="org.easymock.tests2.ConstraintsToStringTest" name="testStartsWithToString" time="0.0" />

      <testcase classname="org.easymock.tests2.ConstraintsToStringTest" name="testEndsWithToString" time="0.0" />

      <testcase classname="org.easymock.tests2.ConstraintsToStringTest" name="testContainsToString" time="0.0020" />

      <testcase classname="org.easymock.tests2.ConstraintsToStringTest" name="testFindToString" time="0.0040" />

      <testcase classname="org.easymock.tests2.ConstraintsToStringTest" name="testMatchesToString" time="0.0010" />

      <system-out />

      <system-err />

  </testsuite>
  <testsuite errors="0" failures="0" hostname="sriki-laptop" id="45" name="NameTest" package="org.easymock.tests2" tests="5" time="0.126" timestamp="2009-07-28T06:20:22">
      <properties>
[...]
</properties>

      <testcase classname="org.easymock.tests2.NameTest" name="testNameForMock" time="0.043" />

      <testcase classname="org.easymock.tests2.NameTest" name="testNameForStrictMock" time="0.0" />

      <testcase classname="org.easymock.tests2.NameTest" name="testNameForNiceMock" time="0.0010" />

      <testcase classname="org.easymock.tests2.NameTest" name="testNameForMocksControl" time="0.0030" />

      <testcase classname="org.easymock.tests2.NameTest" name="testShouldThrowIllegalArgumentExceptionIfNameIsNoValidJavaIdentifier" time="0.0010" />

      <system-out />

      <system-err />

  </testsuite>
  <testsuite errors="0" failures="0" hostname="sriki-laptop" id="46" name="NiceMockTest" package="org.easymock.tests2" tests="4" time="0.14" timestamp="2009-07-28T06:20:23">
      <properties>
[...]
</properties>

      <testcase classname="org.easymock.tests2.NiceMockTest" name="testDefaultReturnValueBoolean" time="0.042" />

      <testcase classname="org.easymock.tests2.NiceMockTest" name="testDefaultReturnValueFloat" time="0.0" />

      <testcase classname="org.easymock.tests2.NiceMockTest" name="testDefaultReturnValueDouble" time="0.0010" />

      <testcase classname="org.easymock.tests2.NiceMockTest" name="testDefaultReturnValueObject" time="0.0050" />

      <system-out />

      <system-err />

  </testsuite>
  <testsuite errors="0" failures="0" hostname="sriki-laptop" id="47" name="StubTest" package="org.easymock.tests2" tests="2" time="0.119" timestamp="2009-07-28T06:20:23">
      <properties>
[...]
</properties>

      <testcase classname="org.easymock.tests2.StubTest" name="testStub" time="0.044" />

      <testcase classname="org.easymock.tests2.StubTest" name="testStubWithReturnValue" time="0.0020" />

      <system-out />

      <system-err />

  </testsuite>
  <testsuite errors="0" failures="0" hostname="sriki-laptop" id="48" name="UsageConstraintsTest" package="org.easymock.tests2" tests="29" time="0.199" timestamp="2009-07-28T06:20:23">
      <properties>
[...]
</properties>

      <testcase classname="org.easymock.tests2.UsageConstraintsTest" name="testEqualsMissing" time="0.051" />

      <testcase classname="org.easymock.tests2.UsageConstraintsTest" name="testDifferentConstraintsOnSameCall" time="0.0080" />

      <testcase classname="org.easymock.tests2.UsageConstraintsTest" name="testEquals" time="0.0" />

      <testcase classname="org.easymock.tests2.UsageConstraintsTest" name="testConstraints" time="0.0060" />

      <testcase classname="org.easymock.tests2.UsageConstraintsTest" name="testAndOverloaded" time="0.0050" />

      <testcase classname="org.easymock.tests2.UsageConstraintsTest" name="testOrOverloaded" time="0.0020" />

      <testcase classname="org.easymock.tests2.UsageConstraintsTest" name="testNotOverloaded" time="0.0010" />

      <testcase classname="org.easymock.tests2.UsageConstraintsTest" name="testLessOrEqualOverloaded" time="0.0040" />

      <testcase classname="org.easymock.tests2.UsageConstraintsTest" name="testLessThanOverloaded" time="0.0010" />

      <testcase classname="org.easymock.tests2.UsageConstraintsTest" name="testGreaterOrEqualOverloaded" time="0.0010" />

      <testcase classname="org.easymock.tests2.UsageConstraintsTest" name="testGreaterThanOverloaded" time="0.0010" />

      <testcase classname="org.easymock.tests2.UsageConstraintsTest" name="testCmpTo" time="0.0030" />

      <testcase classname="org.easymock.tests2.UsageConstraintsTest" name="testCompareWithComparator" time="0.0090" />

      <testcase classname="org.easymock.tests2.UsageConstraintsTest" name="testAny" time="0.0020" />

      <testcase classname="org.easymock.tests2.UsageConstraintsTest" name="testArrayEquals" time="0.0010" />

      <testcase classname="org.easymock.tests2.UsageConstraintsTest" name="testGreaterOrEqual" time="0.0020" />

      <testcase classname="org.easymock.tests2.UsageConstraintsTest" name="testGreaterThan" time="0.0010" />

      <testcase classname="org.easymock.tests2.UsageConstraintsTest" name="testLessOrEqual" time="0.0010" />

      <testcase classname="org.easymock.tests2.UsageConstraintsTest" name="testLessThan" time="0.0" />

      <testcase classname="org.easymock.tests2.UsageConstraintsTest" name="testTestOr" time="0.0" />

      <testcase classname="org.easymock.tests2.UsageConstraintsTest" name="testTestNull" time="0.0010" />

      <testcase classname="org.easymock.tests2.UsageConstraintsTest" name="testTestNotNull" time="0.0010" />

      <testcase classname="org.easymock.tests2.UsageConstraintsTest" name="testTestFind" time="0.0030" />

      <testcase classname="org.easymock.tests2.UsageConstraintsTest" name="testTestMatches" time="0.0010" />

      <testcase classname="org.easymock.tests2.UsageConstraintsTest" name="testTestContains" time="0.0030" />

      <testcase classname="org.easymock.tests2.UsageConstraintsTest" name="testTestStartsWith" time="0.0010" />

      <testcase classname="org.easymock.tests2.UsageConstraintsTest" name="testTestEndsWith" time="0.0010" />

      <testcase classname="org.easymock.tests2.UsageConstraintsTest" name="testEqualsWithDelta" time="0.0020" />

      <testcase classname="org.easymock.tests2.UsageConstraintsTest" name="testTestSame" time="0.0010" />

      <system-out />

      <system-err />

  </testsuite>
  <testsuite errors="0" failures="0" hostname="sriki-laptop" id="49" name="UsageMatchersTest" package="org.easymock.tests2" tests="1" time="0.126" timestamp="2009-07-28T06:20:24">
      <properties>
[...]
</properties>

      <testcase classname="org.easymock.tests2.UsageMatchersTest" name="testAdditionalMatchersFailAtReplay" time="0.04" />

      <system-out />

      <system-err />

  </testsuite>
  <testsuite errors="0" failures="0" hostname="sriki-laptop" id="50" name="UsageStrictMockTest" package="org.easymock.tests2" tests="7" time="0.144" timestamp="2009-07-28T06:20:24">
      <properties>
[...]
</properties>

      <testcase classname="org.easymock.tests2.UsageStrictMockTest" name="testOrderedCallsSucces" time="0.053" />

      <testcase classname="org.easymock.tests2.UsageStrictMockTest" name="testUnorderedCallsFailure" time="0.0" />

      <testcase classname="org.easymock.tests2.UsageStrictMockTest" name="testTooManyCallsFailure" time="0.0" />

      <testcase classname="org.easymock.tests2.UsageStrictMockTest" name="testTooFewCallsFailure" time="0.0050" />

      <testcase classname="org.easymock.tests2.UsageStrictMockTest" name="testDifferentMethods" time="0.0030" />

      <testcase classname="org.easymock.tests2.UsageStrictMockTest" name="testRange" time="0.0020" />

      <testcase classname="org.easymock.tests2.UsageStrictMockTest" name="testStubBehavior" time="0.0020" />

      <system-out />

      <system-err />

  </testsuite>
  <testsuite errors="0" failures="0" hostname="sriki-laptop" id="51" name="UsageTest" package="org.easymock.tests2" tests="9" time="0.147" timestamp="2009-07-28T06:20:25">
      <properties>
[...]
</properties>

      <testcase classname="org.easymock.tests2.UsageTest" name="testExactCallCountByLastCall" time="0.051" />

      <testcase classname="org.easymock.tests2.UsageTest" name="testOpenCallCountByLastCall" time="0.0010" />

      <testcase classname="org.easymock.tests2.UsageTest" name="testExactCallCountByLastThrowable" time="0.0010" />

      <testcase classname="org.easymock.tests2.UsageTest" name="testOpenCallCountByLastThrowable" time="0.0040" />

      <testcase classname="org.easymock.tests2.UsageTest" name="testMoreThanOneArgument" time="0.0020" />

      <testcase classname="org.easymock.tests2.UsageTest" name="testWrongArguments" time="0.0010" />

      <testcase classname="org.easymock.tests2.UsageTest" name="testSummarizeSameObjectArguments" time="0.0" />

      <testcase classname="org.easymock.tests2.UsageTest" name="testArgumentsOrdered" time="0.0" />

      <testcase classname="org.easymock.tests2.UsageTest" name="testMixingOrderedAndUnordered" time="0.0010" />

      <system-out />

      <system-err />

  </testsuite>
</testsuites>
